<?xml version="1.0" encoding="UTF-8"?>
<coverage generated="1738253470137" clover="3.2.0">
  <project timestamp="1738253470137" name="All files">
    <metrics statements="104" coveredstatements="104" conditionals="38" coveredconditionals="38" methods="37" coveredmethods="36" elements="179" coveredelements="178" complexity="0" loc="104" ncloc="104" packages="3" files="9" classes="9"/>
    <package name="src">
      <metrics statements="7" coveredstatements="7" conditionals="4" coveredconditionals="4" methods="3" coveredmethods="3"/>
      <file name="App.jsx" path="C:\Users\igor7\Projekty Webowe\apps\js\AtomicStoreWeb-pe\src\App.jsx">
        <metrics statements="4" coveredstatements="4" conditionals="0" coveredconditionals="0" methods="2" coveredmethods="2"/>
        <line num="6" count="1" type="stmt"/>
        <line num="7" count="1" type="stmt"/>
        <line num="12" count="1" type="stmt"/>
        <line num="13" count="1" type="stmt"/>
      </file>
      <file name="MainContent.jsx" path="C:\Users\igor7\Projekty Webowe\apps\js\AtomicStoreWeb-pe\src\MainContent.jsx">
        <metrics statements="3" coveredstatements="3" conditionals="4" coveredconditionals="4" methods="1" coveredmethods="1"/>
        <line num="9" count="2" type="stmt"/>
        <line num="10" count="4" type="stmt"/>
        <line num="12" count="4" type="stmt"/>
      </file>
    </package>
    <package name="src.components">
      <metrics statements="64" coveredstatements="64" conditionals="34" coveredconditionals="34" methods="22" coveredmethods="22"/>
      <file name="LoginForm.jsx" path="C:\Users\igor7\Projekty Webowe\apps\js\AtomicStoreWeb-pe\src\components\LoginForm.jsx">
        <metrics statements="16" coveredstatements="16" conditionals="2" coveredconditionals="2" methods="4" coveredmethods="4"/>
        <line num="5" count="3" type="stmt"/>
        <line num="6" count="11" type="stmt"/>
        <line num="7" count="11" type="stmt"/>
        <line num="8" count="11" type="stmt"/>
        <line num="10" count="11" type="stmt"/>
        <line num="11" count="3" type="stmt"/>
        <line num="12" count="3" type="stmt"/>
        <line num="16" count="2" type="cond" truecount="2" falsecount="0"/>
        <line num="17" count="1" type="stmt"/>
        <line num="18" count="1" type="stmt"/>
        <line num="20" count="1" type="stmt"/>
        <line num="23" count="1" type="stmt"/>
        <line num="24" count="1" type="stmt"/>
        <line num="28" count="11" type="stmt"/>
        <line num="35" count="3" type="stmt"/>
        <line num="41" count="3" type="stmt"/>
      </file>
      <file name="LoginFormFixture.js" path="C:\Users\igor7\Projekty Webowe\apps\js\AtomicStoreWeb-pe\src\components\LoginFormFixture.js">
        <metrics statements="1" coveredstatements="1" conditionals="0" coveredconditionals="0" methods="0" coveredmethods="0"/>
        <line num="1" count="1" type="stmt"/>
      </file>
      <file name="ProductForm.jsx" path="C:\Users\igor7\Projekty Webowe\apps\js\AtomicStoreWeb-pe\src\components\ProductForm.jsx">
        <metrics statements="18" coveredstatements="18" conditionals="8" coveredconditionals="8" methods="7" coveredmethods="7"/>
        <line num="4" count="3" type="stmt"/>
        <line num="5" count="16" type="stmt"/>
        <line num="6" count="16" type="stmt"/>
        <line num="14" count="16" type="stmt"/>
        <line num="15" count="1" type="stmt"/>
        <line num="16" count="1" type="stmt"/>
        <line num="17" count="1" type="stmt"/>
        <line num="18" count="1" type="stmt"/>
        <line num="23" count="16" type="stmt"/>
        <line num="44" count="1" type="stmt"/>
        <line num="53" count="1" type="stmt"/>
        <line num="61" count="1" type="stmt"/>
        <line num="70" count="4" type="stmt"/>
        <line num="71" count="4" type="cond" truecount="4" falsecount="0"/>
        <line num="72" count="3" type="stmt"/>
        <line num="84" count="4" type="stmt"/>
        <line num="85" count="4" type="cond" truecount="4" falsecount="0"/>
        <line num="86" count="3" type="stmt"/>
      </file>
      <file name="ProductList.jsx" path="C:\Users\igor7\Projekty Webowe\apps\js\AtomicStoreWeb-pe\src\components\ProductList.jsx">
        <metrics statements="6" coveredstatements="6" conditionals="4" coveredconditionals="4" methods="3" coveredmethods="3"/>
        <line num="6" count="3" type="stmt"/>
        <line num="7" count="6" type="stmt"/>
        <line num="8" count="6" type="stmt"/>
        <line num="9" count="6" type="stmt"/>
        <line num="13" count="6" type="stmt"/>
        <line num="33" count="4" type="stmt"/>
      </file>
      <file name="ProductRow.jsx" path="C:\Users\igor7\Projekty Webowe\apps\js\AtomicStoreWeb-pe\src\components\ProductRow.jsx">
        <metrics statements="23" coveredstatements="23" conditionals="20" coveredconditionals="20" methods="8" coveredmethods="8"/>
        <line num="5" count="4" type="stmt"/>
        <line num="6" count="27" type="stmt"/>
        <line num="7" count="27" type="stmt"/>
        <line num="8" count="27" type="stmt"/>
        <line num="10" count="27" type="stmt"/>
        <line num="11" count="1" type="stmt"/>
        <line num="12" count="1" type="stmt"/>
        <line num="13" count="1" type="stmt"/>
        <line num="14" count="1" type="stmt"/>
        <line num="19" count="27" type="stmt"/>
        <line num="20" count="1" type="stmt"/>
        <line num="21" count="1" type="stmt"/>
        <line num="22" count="1" type="stmt"/>
        <line num="26" count="27" type="stmt"/>
        <line num="35" count="1" type="stmt"/>
        <line num="47" count="1" type="stmt"/>
        <line num="60" count="3" type="stmt"/>
        <line num="61" count="3" type="cond" truecount="4" falsecount="0"/>
        <line num="62" count="2" type="stmt"/>
        <line num="79" count="4" type="stmt"/>
        <line num="80" count="4" type="cond" truecount="4" falsecount="0"/>
        <line num="81" count="2" type="stmt"/>
        <line num="94" count="7" type="stmt"/>
      </file>
    </package>
    <package name="src.context">
      <metrics statements="33" coveredstatements="33" conditionals="0" coveredconditionals="0" methods="12" coveredmethods="11"/>
      <file name="AuthContext.jsx" path="C:\Users\igor7\Projekty Webowe\apps\js\AtomicStoreWeb-pe\src\context\AuthContext.jsx">
        <metrics statements="18" coveredstatements="18" conditionals="0" coveredconditionals="0" methods="3" coveredmethods="3"/>
        <line num="3" count="8" type="stmt"/>
        <line num="5" count="8" type="stmt"/>
        <line num="6" count="6" type="stmt"/>
        <line num="7" count="6" type="stmt"/>
        <line num="8" count="6" type="stmt"/>
        <line num="9" count="6" type="stmt"/>
        <line num="11" count="6" type="stmt"/>
        <line num="17" count="6" type="stmt"/>
        <line num="18" count="2" type="stmt"/>
        <line num="19" count="2" type="stmt"/>
        <line num="20" count="2" type="stmt"/>
        <line num="21" count="2" type="stmt"/>
        <line num="24" count="6" type="stmt"/>
        <line num="25" count="1" type="stmt"/>
        <line num="26" count="1" type="stmt"/>
        <line num="27" count="1" type="stmt"/>
        <line num="28" count="1" type="stmt"/>
        <line num="31" count="6" type="stmt"/>
      </file>
      <file name="ProductContext.jsx" path="C:\Users\igor7\Projekty Webowe\apps\js\AtomicStoreWeb-pe\src\context\ProductContext.jsx">
        <metrics statements="15" coveredstatements="15" conditionals="0" coveredconditionals="0" methods="9" coveredmethods="8"/>
        <line num="5" count="6" type="stmt"/>
        <line num="7" count="6" type="stmt"/>
        <line num="8" count="10" type="stmt"/>
        <line num="9" count="10" type="stmt"/>
        <line num="11" count="10" type="stmt"/>
        <line num="12" count="3" type="stmt"/>
        <line num="16" count="1" type="stmt"/>
        <line num="19" count="10" type="stmt"/>
        <line num="20" count="1" type="stmt"/>
        <line num="28" count="10" type="stmt"/>
        <line num="29" count="1" type="stmt"/>
        <line num="37" count="10" type="stmt"/>
        <line num="38" count="1" type="stmt"/>
        <line num="40" count="1" type="stmt"/>
        <line num="43" count="10" type="stmt"/>
      </file>
    </package>
  </project>
</coverage>
