{"C:\\Users\\igor7\\Projekty Webowe\\apps\\js\\AtomicStoreWeb-pe\\src\\App.jsx": {"path":"C:\\Users\\igor7\\Projekty Webowe\\apps\\js\\AtomicStoreWeb-pe\\src\\App.jsx","statementMap":{"0":{"start":{"line":6,"column":18},"end":{"line":10,"column":1}},"1":{"start":{"line":7,"column":4},"end":{"line":9,"column":13}},"2":{"start":{"line":12,"column":12},"end":{"line":21,"column":1}},"3":{"start":{"line":13,"column":4},"end":{"line":20,"column":6}}},"fnMap":{"0":{"name":"(anonymous_0)","decl":{"start":{"line":6,"column":18},"end":{"line":6,"column":19}},"loc":{"start":{"line":7,"column":4},"end":{"line":9,"column":13}},"line":7},"1":{"name":"(anonymous_1)","decl":{"start":{"line":12,"column":12},"end":{"line":12,"column":13}},"loc":{"start":{"line":12,"column":18},"end":{"line":21,"column":1}},"line":12}},"branchMap":{},"s":{"0":1,"1":1,"2":1,"3":1},"f":{"0":1,"1":1},"b":{},"_coverageSchema":"1a1c01bbd47fc00a2c39e90264f33305004495a9","hash":"ef9a2da9b01163b9719680880eb181df9336a15d"}
,"C:\\Users\\igor7\\Projekty Webowe\\apps\\js\\AtomicStoreWeb-pe\\src\\MainContent.jsx": {"path":"C:\\Users\\igor7\\Projekty Webowe\\apps\\js\\AtomicStoreWeb-pe\\src\\MainContent.jsx","statementMap":{"0":{"start":{"line":9,"column":20},"end":{"line":25,"column":1}},"1":{"start":{"line":10,"column":34},"end":{"line":10,"column":57}},"2":{"start":{"line":12,"column":4},"end":{"line":24,"column":6}}},"fnMap":{"0":{"name":"(anonymous_0)","decl":{"start":{"line":9,"column":20},"end":{"line":9,"column":21}},"loc":{"start":{"line":9,"column":26},"end":{"line":25,"column":1}},"line":9}},"branchMap":{"0":{"loc":{"start":{"line":14,"column":13},"end":{"line":22,"column":13}},"type":"cond-expr","locations":[{"start":{"line":15,"column":16},"end":{"line":15,"column":29}},{"start":{"line":17,"column":16},"end":{"line":21,"column":34}}],"line":14},"1":{"loc":{"start":{"line":20,"column":21},"end":{"line":20,"column":47}},"type":"binary-expr","locations":[{"start":{"line":20,"column":21},"end":{"line":20,"column":28}},{"start":{"line":20,"column":32},"end":{"line":20,"column":47}}],"line":20}},"s":{"0":2,"1":4,"2":4},"f":{"0":4},"b":{"0":[2,2],"1":[2,1]},"_coverageSchema":"1a1c01bbd47fc00a2c39e90264f33305004495a9","hash":"622ec840574b422e850a81f127dfc973b4e83e84"}
,"C:\\Users\\igor7\\Projekty Webowe\\apps\\js\\AtomicStoreWeb-pe\\src\\components\\LoginForm.jsx": {"path":"C:\\Users\\igor7\\Projekty Webowe\\apps\\js\\AtomicStoreWeb-pe\\src\\components\\LoginForm.jsx","statementMap":{"0":{"start":{"line":5,"column":18},"end":{"line":46,"column":1}},"1":{"start":{"line":6,"column":22},"end":{"line":6,"column":45}},"2":{"start":{"line":7,"column":36},"end":{"line":7,"column":48}},"3":{"start":{"line":8,"column":36},"end":{"line":8,"column":48}},"4":{"start":{"line":10,"column":24},"end":{"line":26,"column":5}},"5":{"start":{"line":11,"column":8},"end":{"line":25,"column":9}},"6":{"start":{"line":12,"column":29},"end":{"line":14,"column":14}},"7":{"start":{"line":16,"column":12},"end":{"line":21,"column":13}},"8":{"start":{"line":17,"column":29},"end":{"line":17,"column":47}},"9":{"start":{"line":18,"column":16},"end":{"line":18,"column":57}},"10":{"start":{"line":20,"column":16},"end":{"line":20,"column":68}},"11":{"start":{"line":23,"column":12},"end":{"line":23,"column":52}},"12":{"start":{"line":24,"column":12},"end":{"line":24,"column":64}},"13":{"start":{"line":28,"column":4},"end":{"line":45,"column":6}},"14":{"start":{"line":35,"column":33},"end":{"line":35,"column":60}},"15":{"start":{"line":41,"column":33},"end":{"line":41,"column":60}}},"fnMap":{"0":{"name":"(anonymous_0)","decl":{"start":{"line":5,"column":18},"end":{"line":5,"column":19}},"loc":{"start":{"line":5,"column":24},"end":{"line":46,"column":1}},"line":5},"1":{"name":"(anonymous_1)","decl":{"start":{"line":10,"column":24},"end":{"line":10,"column":25}},"loc":{"start":{"line":10,"column":36},"end":{"line":26,"column":5}},"line":10},"2":{"name":"(anonymous_2)","decl":{"start":{"line":35,"column":26},"end":{"line":35,"column":27}},"loc":{"start":{"line":35,"column":33},"end":{"line":35,"column":60}},"line":35},"3":{"name":"(anonymous_3)","decl":{"start":{"line":41,"column":26},"end":{"line":41,"column":27}},"loc":{"start":{"line":41,"column":33},"end":{"line":41,"column":60}},"line":41}},"branchMap":{"0":{"loc":{"start":{"line":16,"column":12},"end":{"line":21,"column":13}},"type":"if","locations":[{"start":{"line":16,"column":12},"end":{"line":21,"column":13}},{"start":{"line":19,"column":19},"end":{"line":21,"column":13}}],"line":16}},"s":{"0":3,"1":11,"2":11,"3":11,"4":11,"5":3,"6":3,"7":2,"8":1,"9":1,"10":1,"11":1,"12":1,"13":11,"14":3,"15":3},"f":{"0":11,"1":3,"2":3,"3":3},"b":{"0":[1,1]},"_coverageSchema":"1a1c01bbd47fc00a2c39e90264f33305004495a9","hash":"e16d213022e55a9a3c2de71f3b60168cdd8e5cba"}
,"C:\\Users\\igor7\\Projekty Webowe\\apps\\js\\AtomicStoreWeb-pe\\src\\components\\LoginFormFixture.js": {"path":"C:\\Users\\igor7\\Projekty Webowe\\apps\\js\\AtomicStoreWeb-pe\\src\\components\\LoginFormFixture.js","statementMap":{"0":{"start":{"line":1,"column":20},"end":{"line":4,"column":1}}},"fnMap":{},"branchMap":{},"s":{"0":1},"f":{},"b":{},"_coverageSchema":"1a1c01bbd47fc00a2c39e90264f33305004495a9","hash":"ed8c2033cb4e77961ec50581b8b5f13e6b3b916d"}
,"C:\\Users\\igor7\\Projekty Webowe\\apps\\js\\AtomicStoreWeb-pe\\src\\components\\ProductForm.jsx": {"path":"C:\\Users\\igor7\\Projekty Webowe\\apps\\js\\AtomicStoreWeb-pe\\src\\components\\ProductForm.jsx","statementMap":{"0":{"start":{"line":4,"column":20},"end":{"line":98,"column":1}},"1":{"start":{"line":5,"column":42},"end":{"line":5,"column":68}},"2":{"start":{"line":6,"column":40},"end":{"line":12,"column":6}},"3":{"start":{"line":14,"column":22},"end":{"line":21,"column":5}},"4":{"start":{"line":15,"column":8},"end":{"line":20,"column":9}},"5":{"start":{"line":16,"column":12},"end":{"line":16,"column":41}},"6":{"start":{"line":17,"column":12},"end":{"line":17,"column":88}},"7":{"start":{"line":18,"column":12},"end":{"line":18,"column":28}},"8":{"start":{"line":23,"column":4},"end":{"line":97,"column":6}},"9":{"start":{"line":44,"column":49},"end":{"line":44,"column":104}},"10":{"start":{"line":53,"column":45},"end":{"line":53,"column":99}},"11":{"start":{"line":61,"column":41},"end":{"line":61,"column":102}},"12":{"start":{"line":70,"column":46},"end":{"line":70,"column":72}},"13":{"start":{"line":71,"column":32},"end":{"line":73,"column":33}},"14":{"start":{"line":72,"column":36},"end":{"line":72,"column":92}},"15":{"start":{"line":84,"column":46},"end":{"line":84,"column":72}},"16":{"start":{"line":85,"column":32},"end":{"line":87,"column":33}},"17":{"start":{"line":86,"column":36},"end":{"line":86,"column":92}}},"fnMap":{"0":{"name":"(anonymous_0)","decl":{"start":{"line":4,"column":20},"end":{"line":4,"column":21}},"loc":{"start":{"line":4,"column":26},"end":{"line":98,"column":1}},"line":4},"1":{"name":"(anonymous_1)","decl":{"start":{"line":14,"column":22},"end":{"line":14,"column":23}},"loc":{"start":{"line":14,"column":34},"end":{"line":21,"column":5}},"line":14},"2":{"name":"(anonymous_2)","decl":{"start":{"line":44,"column":42},"end":{"line":44,"column":43}},"loc":{"start":{"line":44,"column":49},"end":{"line":44,"column":104}},"line":44},"3":{"name":"(anonymous_3)","decl":{"start":{"line":53,"column":38},"end":{"line":53,"column":39}},"loc":{"start":{"line":53,"column":45},"end":{"line":53,"column":99}},"line":53},"4":{"name":"(anonymous_4)","decl":{"start":{"line":61,"column":34},"end":{"line":61,"column":35}},"loc":{"start":{"line":61,"column":41},"end":{"line":61,"column":102}},"line":61},"5":{"name":"(anonymous_5)","decl":{"start":{"line":69,"column":38},"end":{"line":69,"column":39}},"loc":{"start":{"line":69,"column":45},"end":{"line":74,"column":29}},"line":69},"6":{"name":"(anonymous_6)","decl":{"start":{"line":83,"column":38},"end":{"line":83,"column":39}},"loc":{"start":{"line":83,"column":45},"end":{"line":88,"column":29}},"line":83}},"branchMap":{"0":{"loc":{"start":{"line":71,"column":32},"end":{"line":73,"column":33}},"type":"if","locations":[{"start":{"line":71,"column":32},"end":{"line":73,"column":33}},{"start":{},"end":{}}],"line":71},"1":{"loc":{"start":{"line":71,"column":36},"end":{"line":71,"column":71}},"type":"binary-expr","locations":[{"start":{"line":71,"column":36},"end":{"line":71,"column":46}},{"start":{"line":71,"column":50},"end":{"line":71,"column":71}}],"line":71},"2":{"loc":{"start":{"line":85,"column":32},"end":{"line":87,"column":33}},"type":"if","locations":[{"start":{"line":85,"column":32},"end":{"line":87,"column":33}},{"start":{},"end":{}}],"line":85},"3":{"loc":{"start":{"line":85,"column":36},"end":{"line":85,"column":71}},"type":"binary-expr","locations":[{"start":{"line":85,"column":36},"end":{"line":85,"column":46}},{"start":{"line":85,"column":50},"end":{"line":85,"column":71}}],"line":85}},"s":{"0":3,"1":16,"2":16,"3":16,"4":1,"5":1,"6":1,"7":1,"8":16,"9":1,"10":1,"11":1,"12":4,"13":4,"14":3,"15":4,"16":4,"17":3},"f":{"0":16,"1":1,"2":1,"3":1,"4":1,"5":4,"6":4},"b":{"0":[3,1],"1":[4,2],"2":[3,1],"3":[4,2]},"_coverageSchema":"1a1c01bbd47fc00a2c39e90264f33305004495a9","hash":"c6772e282e187a5c5c813ab7a384f66e56838edc"}
,"C:\\Users\\igor7\\Projekty Webowe\\apps\\js\\AtomicStoreWeb-pe\\src\\components\\ProductList.jsx": {"path":"C:\\Users\\igor7\\Projekty Webowe\\apps\\js\\AtomicStoreWeb-pe\\src\\components\\ProductList.jsx","statementMap":{"0":{"start":{"line":6,"column":20},"end":{"line":41,"column":1}},"1":{"start":{"line":7,"column":40},"end":{"line":7,"column":66}},"2":{"start":{"line":8,"column":4},"end":{"line":10,"column":24}},"3":{"start":{"line":9,"column":8},"end":{"line":9,"column":24}},"4":{"start":{"line":13,"column":4},"end":{"line":39,"column":6}},"5":{"start":{"line":33,"column":28},"end":{"line":33,"column":102}}},"fnMap":{"0":{"name":"(anonymous_0)","decl":{"start":{"line":6,"column":20},"end":{"line":6,"column":21}},"loc":{"start":{"line":6,"column":37},"end":{"line":41,"column":1}},"line":6},"1":{"name":"(anonymous_1)","decl":{"start":{"line":8,"column":14},"end":{"line":8,"column":15}},"loc":{"start":{"line":8,"column":20},"end":{"line":10,"column":5}},"line":8},"2":{"name":"(anonymous_2)","decl":{"start":{"line":32,"column":38},"end":{"line":32,"column":39}},"loc":{"start":{"line":33,"column":28},"end":{"line":33,"column":102}},"line":33}},"branchMap":{"0":{"loc":{"start":{"line":17,"column":13},"end":{"line":37,"column":13}},"type":"cond-expr","locations":[{"start":{"line":18,"column":16},"end":{"line":18,"column":38}},{"start":{"line":20,"column":16},"end":{"line":36,"column":24}}],"line":17},"1":{"loc":{"start":{"line":28,"column":29},"end":{"line":28,"column":58}},"type":"binary-expr","locations":[{"start":{"line":28,"column":29},"end":{"line":28,"column":36}},{"start":{"line":28,"column":40},"end":{"line":28,"column":58}}],"line":28}},"s":{"0":3,"1":6,"2":6,"3":6,"4":6,"5":4},"f":{"0":6,"1":6,"2":4},"b":{"0":[3,3],"1":[3,1]},"_coverageSchema":"1a1c01bbd47fc00a2c39e90264f33305004495a9","hash":"5402c0163c9b690edb6bb48e1025e3c95f1a96e2"}
,"C:\\Users\\igor7\\Projekty Webowe\\apps\\js\\AtomicStoreWeb-pe\\src\\components\\ProductRow.jsx": {"path":"C:\\Users\\igor7\\Projekty Webowe\\apps\\js\\AtomicStoreWeb-pe\\src\\components\\ProductRow.jsx","statementMap":{"0":{"start":{"line":5,"column":19},"end":{"line":101,"column":1}},"1":{"start":{"line":6,"column":45},"end":{"line":6,"column":71}},"2":{"start":{"line":7,"column":34},"end":{"line":7,"column":49}},"3":{"start":{"line":8,"column":46},"end":{"line":8,"column":63}},"4":{"start":{"line":10,"column":23},"end":{"line":18,"column":5}},"5":{"start":{"line":11,"column":8},"end":{"line":17,"column":9}},"6":{"start":{"line":12,"column":12},"end":{"line":12,"column":66}},"7":{"start":{"line":13,"column":12},"end":{"line":13,"column":30}},"8":{"start":{"line":14,"column":12},"end":{"line":14,"column":27}},"9":{"start":{"line":19,"column":25},"end":{"line":25,"column":5}},"10":{"start":{"line":20,"column":8},"end":{"line":24,"column":9}},"11":{"start":{"line":21,"column":12},"end":{"line":21,"column":50}},"12":{"start":{"line":22,"column":12},"end":{"line":22,"column":27}},"13":{"start":{"line":26,"column":4},"end":{"line":100,"column":6}},"14":{"start":{"line":35,"column":41},"end":{"line":35,"column":101}},"15":{"start":{"line":47,"column":28},"end":{"line":47,"column":95}},"16":{"start":{"line":60,"column":42},"end":{"line":60,"column":68}},"17":{"start":{"line":61,"column":28},"end":{"line":63,"column":29}},"18":{"start":{"line":62,"column":32},"end":{"line":62,"column":94}},"19":{"start":{"line":79,"column":42},"end":{"line":79,"column":68}},"20":{"start":{"line":80,"column":28},"end":{"line":82,"column":29}},"21":{"start":{"line":81,"column":32},"end":{"line":81,"column":94}},"22":{"start":{"line":94,"column":47},"end":{"line":94,"column":63}}},"fnMap":{"0":{"name":"(anonymous_0)","decl":{"start":{"line":5,"column":19},"end":{"line":5,"column":20}},"loc":{"start":{"line":5,"column":45},"end":{"line":101,"column":1}},"line":5},"1":{"name":"(anonymous_1)","decl":{"start":{"line":10,"column":23},"end":{"line":10,"column":24}},"loc":{"start":{"line":10,"column":35},"end":{"line":18,"column":5}},"line":10},"2":{"name":"(anonymous_2)","decl":{"start":{"line":19,"column":25},"end":{"line":19,"column":26}},"loc":{"start":{"line":19,"column":37},"end":{"line":25,"column":5}},"line":19},"3":{"name":"(anonymous_3)","decl":{"start":{"line":35,"column":34},"end":{"line":35,"column":35}},"loc":{"start":{"line":35,"column":41},"end":{"line":35,"column":101}},"line":35},"4":{"name":"(anonymous_4)","decl":{"start":{"line":46,"column":34},"end":{"line":46,"column":35}},"loc":{"start":{"line":47,"column":28},"end":{"line":47,"column":95}},"line":47},"5":{"name":"(anonymous_5)","decl":{"start":{"line":59,"column":34},"end":{"line":59,"column":35}},"loc":{"start":{"line":59,"column":41},"end":{"line":64,"column":25}},"line":59},"6":{"name":"(anonymous_6)","decl":{"start":{"line":78,"column":34},"end":{"line":78,"column":35}},"loc":{"start":{"line":78,"column":41},"end":{"line":83,"column":25}},"line":78},"7":{"name":"(anonymous_7)","decl":{"start":{"line":94,"column":41},"end":{"line":94,"column":42}},"loc":{"start":{"line":94,"column":47},"end":{"line":94,"column":63}},"line":94}},"branchMap":{"0":{"loc":{"start":{"line":32,"column":17},"end":{"line":39,"column":17}},"type":"cond-expr","locations":[{"start":{"line":33,"column":20},"end":{"line":36,"column":22}},{"start":{"line":38,"column":20},"end":{"line":38,"column":32}}],"line":32},"1":{"loc":{"start":{"line":42,"column":17},"end":{"line":52,"column":17}},"type":"cond-expr","locations":[{"start":{"line":43,"column":20},"end":{"line":49,"column":22}},{"start":{"line":51,"column":20},"end":{"line":51,"column":39}}],"line":42},"2":{"loc":{"start":{"line":55,"column":17},"end":{"line":72,"column":17}},"type":"cond-expr","locations":[{"start":{"line":56,"column":20},"end":{"line":65,"column":22}},{"start":{"line":67,"column":20},"end":{"line":70,"column":26}}],"line":55},"3":{"loc":{"start":{"line":61,"column":28},"end":{"line":63,"column":29}},"type":"if","locations":[{"start":{"line":61,"column":28},"end":{"line":63,"column":29}},{"start":{},"end":{}}],"line":61},"4":{"loc":{"start":{"line":61,"column":32},"end":{"line":61,"column":67}},"type":"binary-expr","locations":[{"start":{"line":61,"column":32},"end":{"line":61,"column":42}},{"start":{"line":61,"column":46},"end":{"line":61,"column":67}}],"line":61},"5":{"loc":{"start":{"line":75,"column":17},"end":{"line":87,"column":17}},"type":"cond-expr","locations":[{"start":{"line":76,"column":20},"end":{"line":84,"column":22}},{"start":{"line":86,"column":20},"end":{"line":86,"column":33}}],"line":75},"6":{"loc":{"start":{"line":80,"column":28},"end":{"line":82,"column":29}},"type":"if","locations":[{"start":{"line":80,"column":28},"end":{"line":82,"column":29}},{"start":{},"end":{}}],"line":80},"7":{"loc":{"start":{"line":80,"column":32},"end":{"line":80,"column":67}},"type":"binary-expr","locations":[{"start":{"line":80,"column":32},"end":{"line":80,"column":42}},{"start":{"line":80,"column":46},"end":{"line":80,"column":67}}],"line":80},"8":{"loc":{"start":{"line":89,"column":13},"end":{"line":98,"column":13}},"type":"binary-expr","locations":[{"start":{"line":89,"column":13},"end":{"line":89,"column":20}},{"start":{"line":90,"column":16},"end":{"line":97,"column":21}}],"line":89},"9":{"loc":{"start":{"line":91,"column":21},"end":{"line":95,"column":21}},"type":"cond-expr","locations":[{"start":{"line":92,"column":24},"end":{"line":92,"column":68}},{"start":{"line":94,"column":24},"end":{"line":94,"column":80}}],"line":91}},"s":{"0":4,"1":27,"2":27,"3":27,"4":27,"5":1,"6":1,"7":1,"8":1,"9":27,"10":1,"11":1,"12":1,"13":27,"14":1,"15":1,"16":3,"17":3,"18":2,"19":4,"20":4,"21":2,"22":7},"f":{"0":27,"1":1,"2":1,"3":1,"4":1,"5":3,"6":4,"7":7},"b":{"0":[13,14],"1":[13,14],"2":[13,14],"3":[2,1],"4":[3,2],"5":[13,14],"6":[2,2],"7":[4,3],"8":[27,23],"9":[13,10]},"_coverageSchema":"1a1c01bbd47fc00a2c39e90264f33305004495a9","hash":"1b9ec7164fe07318f4cad00823b3405f4bf16165"}
,"C:\\Users\\igor7\\Projekty Webowe\\apps\\js\\AtomicStoreWeb-pe\\src\\context\\AuthContext.jsx": {"path":"C:\\Users\\igor7\\Projekty Webowe\\apps\\js\\AtomicStoreWeb-pe\\src\\context\\AuthContext.jsx","statementMap":{"0":{"start":{"line":3,"column":27},"end":{"line":3,"column":42}},"1":{"start":{"line":5,"column":28},"end":{"line":46,"column":1}},"2":{"start":{"line":6,"column":36},"end":{"line":6,"column":51}},"3":{"start":{"line":7,"column":34},"end":{"line":7,"column":49}},"4":{"start":{"line":8,"column":36},"end":{"line":8,"column":48}},"5":{"start":{"line":9,"column":36},"end":{"line":9,"column":48}},"6":{"start":{"line":11,"column":23},"end":{"line":15,"column":5}},"7":{"start":{"line":17,"column":18},"end":{"line":22,"column":5}},"8":{"start":{"line":18,"column":8},"end":{"line":18,"column":26}},"9":{"start":{"line":19,"column":8},"end":{"line":19,"column":39}},"10":{"start":{"line":20,"column":8},"end":{"line":20,"column":39}},"11":{"start":{"line":21,"column":8},"end":{"line":21,"column":37}},"12":{"start":{"line":24,"column":19},"end":{"line":29,"column":5}},"13":{"start":{"line":25,"column":8},"end":{"line":25,"column":27}},"14":{"start":{"line":26,"column":8},"end":{"line":26,"column":26}},"15":{"start":{"line":27,"column":8},"end":{"line":27,"column":24}},"16":{"start":{"line":28,"column":8},"end":{"line":28,"column":24}},"17":{"start":{"line":31,"column":4},"end":{"line":45,"column":6}}},"fnMap":{"0":{"name":"(anonymous_0)","decl":{"start":{"line":5,"column":28},"end":{"line":5,"column":29}},"loc":{"start":{"line":5,"column":46},"end":{"line":46,"column":1}},"line":5},"1":{"name":"(anonymous_1)","decl":{"start":{"line":17,"column":18},"end":{"line":17,"column":19}},"loc":{"start":{"line":17,"column":38},"end":{"line":22,"column":5}},"line":17},"2":{"name":"(anonymous_2)","decl":{"start":{"line":24,"column":19},"end":{"line":24,"column":20}},"loc":{"start":{"line":24,"column":25},"end":{"line":29,"column":5}},"line":24}},"branchMap":{},"s":{"0":8,"1":8,"2":6,"3":6,"4":6,"5":6,"6":6,"7":6,"8":2,"9":2,"10":2,"11":2,"12":6,"13":1,"14":1,"15":1,"16":1,"17":6},"f":{"0":6,"1":2,"2":1},"b":{},"_coverageSchema":"1a1c01bbd47fc00a2c39e90264f33305004495a9","hash":"5b4e1ed32a03133da4480e3a4e6baf5341286d28"}
,"C:\\Users\\igor7\\Projekty Webowe\\apps\\js\\AtomicStoreWeb-pe\\src\\context\\ProductContext.jsx": {"path":"C:\\Users\\igor7\\Projekty Webowe\\apps\\js\\AtomicStoreWeb-pe\\src\\context\\ProductContext.jsx","statementMap":{"0":{"start":{"line":5,"column":30},"end":{"line":5,"column":45}},"1":{"start":{"line":7,"column":31},"end":{"line":56,"column":1}},"2":{"start":{"line":8,"column":27},"end":{"line":8,"column":50}},"3":{"start":{"line":9,"column":36},"end":{"line":9,"column":48}},"4":{"start":{"line":11,"column":26},"end":{"line":17,"column":5}},"5":{"start":{"line":12,"column":8},"end":{"line":16,"column":60}},"6":{"start":{"line":16,"column":32},"end":{"line":16,"column":58}},"7":{"start":{"line":19,"column":23},"end":{"line":26,"column":5}},"8":{"start":{"line":20,"column":8},"end":{"line":25,"column":13}},"9":{"start":{"line":28,"column":26},"end":{"line":35,"column":5}},"10":{"start":{"line":29,"column":8},"end":{"line":34,"column":13}},"11":{"start":{"line":37,"column":26},"end":{"line":41,"column":5}},"12":{"start":{"line":38,"column":8},"end":{"line":40,"column":87}},"13":{"start":{"line":40,"column":24},"end":{"line":40,"column":85}},"14":{"start":{"line":40,"column":46},"end":{"line":40,"column":84}},"15":{"start":{"line":40,"column":65},"end":{"line":40,"column":83}},"16":{"start":{"line":43,"column":4},"end":{"line":55,"column":6}}},"fnMap":{"0":{"name":"(anonymous_0)","decl":{"start":{"line":7,"column":31},"end":{"line":7,"column":32}},"loc":{"start":{"line":7,"column":49},"end":{"line":56,"column":1}},"line":7},"1":{"name":"(anonymous_1)","decl":{"start":{"line":11,"column":26},"end":{"line":11,"column":27}},"loc":{"start":{"line":11,"column":32},"end":{"line":17,"column":5}},"line":11},"2":{"name":"(anonymous_2)","decl":{"start":{"line":16,"column":18},"end":{"line":16,"column":19}},"loc":{"start":{"line":16,"column":32},"end":{"line":16,"column":58}},"line":16},"3":{"name":"(anonymous_3)","decl":{"start":{"line":19,"column":23},"end":{"line":19,"column":24}},"loc":{"start":{"line":19,"column":36},"end":{"line":26,"column":5}},"line":19},"4":{"name":"(anonymous_4)","decl":{"start":{"line":28,"column":26},"end":{"line":28,"column":27}},"loc":{"start":{"line":28,"column":43},"end":{"line":35,"column":5}},"line":28},"5":{"name":"(anonymous_5)","decl":{"start":{"line":37,"column":26},"end":{"line":37,"column":27}},"loc":{"start":{"line":37,"column":34},"end":{"line":41,"column":5}},"line":37},"6":{"name":"(anonymous_6)","decl":{"start":{"line":40,"column":18},"end":{"line":40,"column":19}},"loc":{"start":{"line":40,"column":24},"end":{"line":40,"column":85}},"line":40},"7":{"name":"(anonymous_7)","decl":{"start":{"line":40,"column":36},"end":{"line":40,"column":37}},"loc":{"start":{"line":40,"column":46},"end":{"line":40,"column":84}},"line":40},"8":{"name":"(anonymous_8)","decl":{"start":{"line":40,"column":58},"end":{"line":40,"column":59}},"loc":{"start":{"line":40,"column":65},"end":{"line":40,"column":83}},"line":40}},"branchMap":{},"s":{"0":6,"1":6,"2":10,"3":10,"4":10,"5":3,"6":1,"7":10,"8":1,"9":10,"10":1,"11":10,"12":1,"13":1,"14":1,"15":0,"16":10},"f":{"0":10,"1":3,"2":1,"3":1,"4":1,"5":1,"6":1,"7":1,"8":0},"b":{},"_coverageSchema":"1a1c01bbd47fc00a2c39e90264f33305004495a9","hash":"280d04adf08b4207a5eeedd255e93880cad0da7c"}
}
