TN:
SF:src\App.jsx
FN:6,(anonymous_0)
FN:12,(anonymous_1)
FNF:2
FNH:2
FNDA:1,(anonymous_0)
FNDA:1,(anonymous_1)
DA:6,1
DA:7,1
DA:12,1
DA:13,1
LF:4
LH:4
BRF:0
BRH:0
end_of_record
TN:
SF:src\MainContent.jsx
FN:9,(anonymous_0)
FNF:1
FNH:1
FNDA:4,(anonymous_0)
DA:9,2
DA:10,4
DA:12,4
LF:3
LH:3
BRDA:14,0,0,2
BRDA:14,0,1,2
BRDA:20,1,0,2
BRDA:20,1,1,1
BRF:4
BRH:4
end_of_record
TN:
SF:src\components\LoginForm.jsx
FN:5,(anonymous_0)
FN:10,(anonymous_1)
FN:35,(anonymous_2)
FN:41,(anonymous_3)
FNF:4
FNH:4
FNDA:11,(anonymous_0)
FNDA:3,(anonymous_1)
FNDA:3,(anonymous_2)
FNDA:3,(anonymous_3)
DA:5,3
DA:6,11
DA:7,11
DA:8,11
DA:10,11
DA:11,3
DA:12,3
DA:16,2
DA:17,1
DA:18,1
DA:20,1
DA:23,1
DA:24,1
DA:28,11
DA:35,3
DA:41,3
LF:16
LH:16
BRDA:16,0,0,1
BRDA:16,0,1,1
BRF:2
BRH:2
end_of_record
TN:
SF:src\components\LoginFormFixture.js
FNF:0
FNH:0
DA:1,1
LF:1
LH:1
BRF:0
BRH:0
end_of_record
TN:
SF:src\components\ProductForm.jsx
FN:4,(anonymous_0)
FN:14,(anonymous_1)
FN:44,(anonymous_2)
FN:53,(anonymous_3)
FN:61,(anonymous_4)
FN:69,(anonymous_5)
FN:83,(anonymous_6)
FNF:7
FNH:7
FNDA:16,(anonymous_0)
FNDA:1,(anonymous_1)
FNDA:1,(anonymous_2)
FNDA:1,(anonymous_3)
FNDA:1,(anonymous_4)
FNDA:4,(anonymous_5)
FNDA:4,(anonymous_6)
DA:4,3
DA:5,16
DA:6,16
DA:14,16
DA:15,1
DA:16,1
DA:17,1
DA:18,1
DA:23,16
DA:44,1
DA:53,1
DA:61,1
DA:70,4
DA:71,4
DA:72,3
DA:84,4
DA:85,4
DA:86,3
LF:18
LH:18
BRDA:71,0,0,3
BRDA:71,0,1,1
BRDA:71,1,0,4
BRDA:71,1,1,2
BRDA:85,2,0,3
BRDA:85,2,1,1
BRDA:85,3,0,4
BRDA:85,3,1,2
BRF:8
BRH:8
end_of_record
TN:
SF:src\components\ProductList.jsx
FN:6,(anonymous_0)
FN:8,(anonymous_1)
FN:32,(anonymous_2)
FNF:3
FNH:3
FNDA:6,(anonymous_0)
FNDA:6,(anonymous_1)
FNDA:4,(anonymous_2)
DA:6,3
DA:7,6
DA:8,6
DA:9,6
DA:13,6
DA:33,4
LF:6
LH:6
BRDA:17,0,0,3
BRDA:17,0,1,3
BRDA:28,1,0,3
BRDA:28,1,1,1
BRF:4
BRH:4
end_of_record
TN:
SF:src\components\ProductRow.jsx
FN:5,(anonymous_0)
FN:10,(anonymous_1)
FN:19,(anonymous_2)
FN:35,(anonymous_3)
FN:46,(anonymous_4)
FN:59,(anonymous_5)
FN:78,(anonymous_6)
FN:94,(anonymous_7)
FNF:8
FNH:8
FNDA:27,(anonymous_0)
FNDA:1,(anonymous_1)
FNDA:1,(anonymous_2)
FNDA:1,(anonymous_3)
FNDA:1,(anonymous_4)
FNDA:3,(anonymous_5)
FNDA:4,(anonymous_6)
FNDA:7,(anonymous_7)
DA:5,4
DA:6,27
DA:7,27
DA:8,27
DA:10,27
DA:11,1
DA:12,1
DA:13,1
DA:14,1
DA:19,27
DA:20,1
DA:21,1
DA:22,1
DA:26,27
DA:35,1
DA:47,1
DA:60,3
DA:61,3
DA:62,2
DA:79,4
DA:80,4
DA:81,2
DA:94,7
LF:23
LH:23
BRDA:32,0,0,13
BRDA:32,0,1,14
BRDA:42,1,0,13
BRDA:42,1,1,14
BRDA:55,2,0,13
BRDA:55,2,1,14
BRDA:61,3,0,2
BRDA:61,3,1,1
BRDA:61,4,0,3
BRDA:61,4,1,2
BRDA:75,5,0,13
BRDA:75,5,1,14
BRDA:80,6,0,2
BRDA:80,6,1,2
BRDA:80,7,0,4
BRDA:80,7,1,3
BRDA:89,8,0,27
BRDA:89,8,1,23
BRDA:91,9,0,13
BRDA:91,9,1,10
BRF:20
BRH:20
end_of_record
TN:
SF:src\context\AuthContext.jsx
FN:5,(anonymous_0)
FN:17,(anonymous_1)
FN:24,(anonymous_2)
FNF:3
FNH:3
FNDA:6,(anonymous_0)
FNDA:2,(anonymous_1)
FNDA:1,(anonymous_2)
DA:3,8
DA:5,8
DA:6,6
DA:7,6
DA:8,6
DA:9,6
DA:11,6
DA:17,6
DA:18,2
DA:19,2
DA:20,2
DA:21,2
DA:24,6
DA:25,1
DA:26,1
DA:27,1
DA:28,1
DA:31,6
LF:18
LH:18
BRF:0
BRH:0
end_of_record
TN:
SF:src\context\ProductContext.jsx
FN:7,(anonymous_0)
FN:11,(anonymous_1)
FN:16,(anonymous_2)
FN:19,(anonymous_3)
FN:28,(anonymous_4)
FN:37,(anonymous_5)
FN:40,(anonymous_6)
FN:40,(anonymous_7)
FN:40,(anonymous_8)
FNF:9
FNH:8
FNDA:10,(anonymous_0)
FNDA:3,(anonymous_1)
FNDA:1,(anonymous_2)
FNDA:1,(anonymous_3)
FNDA:1,(anonymous_4)
FNDA:1,(anonymous_5)
FNDA:1,(anonymous_6)
FNDA:1,(anonymous_7)
FNDA:0,(anonymous_8)
DA:5,6
DA:7,6
DA:8,10
DA:9,10
DA:11,10
DA:12,3
DA:16,1
DA:19,10
DA:20,1
DA:28,10
DA:29,1
DA:37,10
DA:38,1
DA:40,1
DA:43,10
LF:15
LH:15
BRF:0
BRH:0
end_of_record
